{
  "RSpec": {
    "coverage": {
      "/home/sergio/Ronin/Tech-tests/babylon/spec/basket_spec.rb": [
        1,
        null,
        1,
        null,
        4,
        3,
        2,
        5,
        null,
        1,
        1,
        null,
        null,
        1,
        1,
        1,
        null,
        null,
        1,
        1,
        1,
        1,
        1,
        null,
        null,
        1,
        1,
        1,
        1,
        1,
        1,
        null,
        null,
        null
      ],
      "/home/sergio/Ronin/Tech-tests/babylon/lib/basket.rb": [
        1,
        1,
        null,
        1,
        null,
        1,
        18,
        null,
        null,
        1,
        10,
        null,
        null,
        1,
        1,
        null,
        null,
        1,
        46,
        null,
        null,
        1,
        53,
        null,
        null,
        1,
        51,
        null,
        null
      ],
      "/home/sergio/Ronin/Tech-tests/babylon/spec/calculations_spec.rb": [
        1,
        null,
        1,
        7,
        7,
        7,
        7,
        7,
        7,
        7,
        2,
        null,
        1,
        6,
        6,
        6,
        6,
        6,
        6,
        6,
        6,
        6,
        null,
        null,
        1,
        1,
        1,
        null,
        null,
        1,
        1,
        1,
        null,
        null,
        1,
        1,
        1,
        null,
        null,
        1,
        1,
        1,
        null,
        null,
        1,
        1,
        1,
        null,
        null,
        1,
        1,
        1,
        null,
        null,
        null
      ],
      "/home/sergio/Ronin/Tech-tests/babylon/lib/calculations.rb": [
        1,
        1,
        null,
        1,
        12,
        12,
        12,
        12,
        null,
        null,
        1,
        12,
        6,
        6,
        6,
        6,
        null,
        null,
        1,
        null,
        1,
        null,
        1,
        19,
        6,
        4,
        4,
        null,
        null,
        1,
        19,
        6,
        5,
        9,
        null,
        null,
        null,
        null,
        null,
        1,
        42,
        6,
        null,
        null,
        null,
        null,
        null,
        null,
        null,
        null
      ],
      "/home/sergio/Ronin/Tech-tests/babylon/spec/checkout_spec.rb": [
        1,
        null,
        1,
        4,
        3,
        1,
        1,
        1,
        6,
        null,
        1,
        1,
        1,
        null,
        null,
        null,
        1,
        1,
        1,
        null,
        null,
        1,
        1,
        1,
        null,
        null,
        null,
        1,
        1,
        1,
        1,
        1,
        null,
        null,
        1,
        1,
        1,
        null,
        null,
        null
      ],
      "/home/sergio/Ronin/Tech-tests/babylon/lib/checkout.rb": [
        1,
        null,
        1,
        7,
        7,
        null,
        null,
        1,
        9,
        null,
        null,
        1,
        6,
        6,
        null,
        null,
        1,
        null,
        1,
        null,
        1,
        6,
        null,
        null,
        null
      ],
      "/home/sergio/Ronin/Tech-tests/babylon/spec/features/integration_test_spec.rb": [
        1,
        null,
        3,
        2,
        1,
        3,
        3,
        3,
        3,
        3,
        null,
        1,
        2,
        2,
        null,
        2,
        null,
        null,
        1,
        1,
        1,
        1,
        1,
        null,
        null,
        1,
        1,
        1,
        1,
        null,
        null,
        null,
        null
      ],
      "/home/sergio/Ronin/Tech-tests/babylon/spec/item_spec.rb": [
        1,
        null,
        1,
        null,
        3,
        null,
        null,
        1,
        1,
        1,
        1,
        1,
        null,
        1,
        1,
        1,
        null,
        null,
        1,
        1,
        1,
        null,
        null,
        null
      ],
      "/home/sergio/Ronin/Tech-tests/babylon/lib/item.rb": [
        1,
        null,
        1,
        1,
        null,
        1,
        29,
        29,
        29,
        null,
        null
      ],
      "/home/sergio/Ronin/Tech-tests/babylon/spec/promotion_rules_spec.rb": [
        1,
        null,
        1,
        null,
        3,
        null,
        5,
        null,
        null,
        5,
        2,
        null,
        1,
        1,
        null,
        null,
        1,
        1,
        null,
        null,
        1,
        1,
        1,
        null,
        null,
        1,
        1,
        1,
        1,
        1,
        1,
        null,
        null,
        1,
        1,
        2,
        null,
        null,
        null
      ],
      "/home/sergio/Ronin/Tech-tests/babylon/lib/promotion_rules.rb": [
        1,
        1,
        null,
        1,
        31,
        null,
        null,
        1,
        5,
        5,
        4,
        null,
        null,
        1,
        3,
        null,
        null,
        1,
        16,
        null,
        null,
        1,
        1,
        null,
        null,
        1,
        null,
        1,
        null,
        1,
        7,
        null,
        null,
        null
      ],
      "/home/sergio/Ronin/Tech-tests/babylon/spec/promotion_spec.rb": [
        1,
        null,
        1,
        null,
        2,
        null,
        2,
        null,
        2,
        null,
        2,
        null,
        null,
        1,
        2,
        2,
        2,
        2,
        null,
        null,
        1,
        2,
        null,
        2,
        null,
        2,
        null,
        null,
        null,
        null,
        1,
        1,
        1,
        1,
        null,
        null
      ],
      "/home/sergio/Ronin/Tech-tests/babylon/lib/promotion.rb": [
        1,
        null,
        1,
        null,
        1,
        16,
        13,
        13,
        13,
        null,
        null
      ]
    },
    "timestamp": 1469202684
  }
}
